[debug] [2022-11-02T02:01:44.836Z] ----------------------------------------------------------------------
[debug] [2022-11-02T02:01:44.838Z] Command:       D:\Program Files\nodejs\node.exe C:\Users\Nathan\AppData\Roaming\npm\node_modules\firebase-tools\lib\bin\firebase.js init
[debug] [2022-11-02T02:01:44.839Z] CLI Version:   11.16.0
[debug] [2022-11-02T02:01:44.839Z] Platform:      win32
[debug] [2022-11-02T02:01:44.839Z] Node Version:  v16.13.1
[debug] [2022-11-02T02:01:44.840Z] Time:          Wed Nov 02 2022 10:01:44 GMT+0800 (China Standard Time)
[debug] [2022-11-02T02:01:44.840Z] ----------------------------------------------------------------------
[debug] 
[debug] [2022-11-02T02:01:44.853Z] > command requires scopes: ["email","openid","https://www.googleapis.com/auth/cloudplatformprojects.readonly","https://www.googleapis.com/auth/firebase","https://www.googleapis.com/auth/cloud-platform"]
[debug] [2022-11-02T02:01:44.854Z] > authorizing via signed-in user (nadotornado22@hotmail.com)
[info] 
     ######## #### ########  ######## ########     ###     ######  ########
     ##        ##  ##     ## ##       ##     ##  ##   ##  ##       ##
     ######    ##  ########  ######   ########  #########  ######  ######
     ##        ##  ##    ##  ##       ##     ## ##     ##       ## ##
     ##       #### ##     ## ######## ########  ##     ##  ######  ########

You're about to initialize a Firebase project in this directory:

  D:\Storage\Projects\Web\Node\Web_Node_TwitchStreamWidget\src

[info] 
=== Project Setup
[info] 
[info] First, let's associate this project directory with a Firebase project.
[info] You can create multiple project aliases by running firebase use --add, 
[info] but for now we'll just set up a default project.
[info] 
[debug] [2022-11-02T02:03:18.759Z] ----------------------------------------------------------------------
[debug] [2022-11-02T02:03:18.762Z] Command:       D:\Program Files\nodejs\node.exe C:\Users\Nathan\AppData\Roaming\npm\node_modules\firebase-tools\lib\bin\firebase.js init
[debug] [2022-11-02T02:03:18.763Z] CLI Version:   11.16.0
[debug] [2022-11-02T02:03:18.764Z] Platform:      win32
[debug] [2022-11-02T02:03:18.764Z] Node Version:  v16.13.1
[debug] [2022-11-02T02:03:18.765Z] Time:          Wed Nov 02 2022 10:03:18 GMT+0800 (China Standard Time)
[debug] [2022-11-02T02:03:18.765Z] ----------------------------------------------------------------------
[debug] 
[debug] [2022-11-02T02:03:18.779Z] > command requires scopes: ["email","openid","https://www.googleapis.com/auth/cloudplatformprojects.readonly","https://www.googleapis.com/auth/firebase","https://www.googleapis.com/auth/cloud-platform"]
[debug] [2022-11-02T02:03:18.781Z] > authorizing via signed-in user (nadotornado22@hotmail.com)
[info] 
     ######## #### ########  ######## ########     ###     ######  ########
     ##        ##  ##     ## ##       ##     ##  ##   ##  ##       ##
     ######    ##  ########  ######   ########  #########  ######  ######
     ##        ##  ##    ##  ##       ##     ## ##     ##       ## ##
     ##       #### ##     ## ######## ########  ##     ##  ######  ########

You're about to initialize a Firebase project in this directory:

  D:\Storage\Projects\Web\Node\Web_Node_TwitchStreamWidget\src

[info] 
=== Project Setup
[info] 
[info] First, let's associate this project directory with a Firebase project.
[info] You can create multiple project aliases by running firebase use --add, 
[info] but for now we'll just set up a default project.
[info] 
[debug] [2022-11-02T02:03:52.054Z] >>> [apiv2][query] GET https://firebase.googleapis.com/v1beta1/projects pageSize=100
[debug] [2022-11-02T02:03:52.639Z] <<< [apiv2][status] GET https://firebase.googleapis.com/v1beta1/projects 200
[debug] [2022-11-02T02:03:52.640Z] <<< [apiv2][body] GET https://firebase.googleapis.com/v1beta1/projects [omitted]
[info] i  Using project twitch-stream-widget (twitch-stream-widget) 
[info] 
=== Hosting Setup
[info] 
[info] Your public directory is the folder (relative to your project directory) that
[info] will contain Hosting assets to be uploaded with firebase deploy. If you
[info] have a build process for your assets, use your build's output directory.
[info] 
